# JRE version: Java(TM) SE Runtime Environment (11.0.2+9) (build 11.0.2+9-LTS)
# Java VM: Java HotSpot(TM) 64-Bit Server VM (11.0.2+9-LTS, mixed mode, tiered, compressed oops, g1 gc, windows-amd64)
Heap:
 garbage-first heap   total 258048K, used 28728K [0x00000000e0000000, 0x0000000100000000)
  region size 1024K, 4 young (4096K), 2 survivors (2048K)
 Metaspace       used 25243K, capacity 26046K, committed 26368K, reserved 1073152K
  class space    used 2907K, capacity 3260K, committed 3328K, reserved 1048576K
GC Heap History (6 events):
Event: 1.584 GC heap before
{Heap before GC invocations=0 (full 0):
 garbage-first heap   total 258048K, used 24576K [0x00000000e0000000, 0x0000000100000000)
  region size 1024K, 24 young (24576K), 0 survivors (0K)
 Metaspace       used 17446K, capacity 17842K, committed 17920K, reserved 1064960K
  class space    used 1881K, capacity 2024K, committed 2048K, reserved 1048576K
}
Event: 1.591 GC heap after
{Heap after GC invocations=1 (full 0):
 garbage-first heap   total 258048K, used 4358K [0x00000000e0000000, 0x0000000100000000)
  region size 1024K, 3 young (3072K), 3 survivors (3072K)
 Metaspace       used 17446K, capacity 17842K, committed 17920K, reserved 1064960K
  class space    used 1881K, capacity 2024K, committed 2048K, reserved 1048576K
}
Event: 1.819 GC heap before
{Heap before GC invocations=1 (full 0):
 garbage-first heap   total 258048K, used 8454K [0x00000000e0000000, 0x0000000100000000)
  region size 1024K, 8 young (8192K), 3 survivors (3072K)
 Metaspace       used 20672K, capacity 21231K, committed 21248K, reserved 1069056K
  class space    used 2297K, capacity 2544K, committed 2560K, reserved 1048576K
}
Event: 1.826 GC heap after
{Heap after GC invocations=2 (full 0):
 garbage-first heap   total 258048K, used 5238K [0x00000000e0000000, 0x0000000100000000)
  region size 1024K, 4 young (4096K), 4 survivors (4096K)
 Metaspace       used 20672K, capacity 21231K, committed 21248K, reserved 1069056K
  class space    used 2297K, capacity 2544K, committed 2560K, reserved 1048576K
}
Event: 72.125 GC heap before
{Heap before GC invocations=3 (full 0):
 garbage-first heap   total 258048K, used 34934K [0x00000000e0000000, 0x0000000100000000)
  region size 1024K, 12 young (12288K), 4 survivors (4096K)
 Metaspace       used 25119K, capacity 25855K, committed 26112K, reserved 1073152K
  class space    used 2887K, capacity 3217K, committed 3328K, reserved 1048576K
}
Event: 72.130 GC heap after
{Heap after GC invocations=4 (full 0):
 garbage-first heap   total 258048K, used 27704K [0x00000000e0000000, 0x0000000100000000)
  region size 1024K, 2 young (2048K), 2 survivors (2048K)
 Metaspace       used 25119K, capacity 25855K, committed 26112K, reserved 1073152K
  class space    used 2887K, capacity 3217K, committed 3328K, reserved 1048576K
}

